<?xml version="1.0" encoding="UTF-8"?>
<testng-results ignored="0" total="1" passed="1" failed="0" skipped="0">
  <reporter-output>
    <line>
      <![CDATA[WebPage successfully launched]]>
    </line>
  </reporter-output>
  <suite started-at="2025-02-03T08:14:43 IST" name="Default suite" finished-at="2025-02-03T08:14:47 IST" duration-ms="4313">
    <groups>
    </groups>
    <test started-at="2025-02-03T08:14:43 IST" name="Default test" finished-at="2025-02-03T08:14:47 IST" duration-ms="4313">
      <class name="com.demo.Launch">
        <test-method signature="toLaunch()[pri:0, instance:com.demo.Launch@f6efaab]" started-at="2025-02-03T08:14:43 IST" name="toLaunch" finished-at="2025-02-03T08:14:47 IST" duration-ms="4236" status="PASS">
          <reporter-output>
            <line>
              <![CDATA[WebPage successfully launched]]>
            </line>
          </reporter-output>
        </test-method> <!-- toLaunch -->
      </class> <!-- com.demo.Launch -->
    </test> <!-- Default test -->
  </suite> <!-- Default suite -->
</testng-results>
